2019-10-11 14:30:38.740 [main] INFO  com.example.demo.DemoApplication - Starting DemoApplication on DESKTOP-VGJR4R4 with PID 3544 (D:\IdeaProjects\demo1011\target\classes started by ZHY in D:\IdeaProjects\demo1011)
2019-10-11 14:30:38.741 [main] INFO  com.example.demo.DemoApplication - The following profiles are active: dev
2019-10-11 14:30:39.749 [main] INFO  o.s.boot.web.embedded.tomcat.TomcatWebServer - Tomcat initialized with port(s): 8080 (http)
2019-10-11 14:30:39.772 [main] INFO  org.apache.coyote.http11.Http11NioProtocol - Initializing ProtocolHandler ["http-nio-8080"]
2019-10-11 14:30:39.788 [main] INFO  org.apache.catalina.core.StandardService - Starting service [Tomcat]
2019-10-11 14:30:39.788 [main] INFO  org.apache.catalina.core.StandardEngine - Starting Servlet engine: [Apache Tomcat/9.0.26]
2019-10-11 14:30:39.794 [main] INFO  org.apache.catalina.core.AprLifecycleListener - Loaded APR based Apache Tomcat Native library [1.2.23] using APR version [1.7.0].
2019-10-11 14:30:39.794 [main] INFO  org.apache.catalina.core.AprLifecycleListener - APR capabilities: IPv6 [true], sendfile [true], accept filters [false], random [true].
2019-10-11 14:30:39.794 [main] INFO  org.apache.catalina.core.AprLifecycleListener - APR/OpenSSL configuration: useAprConnector [false], useOpenSSL [true]
2019-10-11 14:30:39.830 [main] INFO  org.apache.catalina.core.AprLifecycleListener - OpenSSL successfully initialized [OpenSSL 1.1.1c  28 May 2019]
2019-10-11 14:30:39.903 [main] INFO  o.a.c.core.ContainerBase.[Tomcat].[localhost].[/] - Initializing Spring embedded WebApplicationContext
2019-10-11 14:30:39.903 [main] INFO  org.springframework.web.context.ContextLoader - Root WebApplicationContext: initialization completed in 1058 ms
2019-10-11 14:30:40.073 [main] INFO  o.s.scheduling.concurrent.ThreadPoolTaskExecutor - Initializing ExecutorService 'applicationTaskExecutor'
2019-10-11 14:30:40.351 [main] INFO  org.apache.coyote.http11.Http11NioProtocol - Starting ProtocolHandler ["http-nio-8080"]
2019-10-11 14:30:40.422 [main] INFO  o.s.boot.web.embedded.tomcat.TomcatWebServer - Tomcat started on port(s): 8080 (http) with context path ''
2019-10-11 14:30:40.424 [main] INFO  com.example.demo.DemoApplication - Started DemoApplication in 2.229 seconds (JVM running for 2.876)
2019-10-11 14:46:42.971 [main] INFO  com.example.demo.DemoApplication - Starting DemoApplication on DESKTOP-VGJR4R4 with PID 14000 (D:\IdeaProjects\demo1011\target\classes started by ZHY in D:\IdeaProjects\demo1011)
2019-10-11 14:46:42.971 [main] INFO  com.example.demo.DemoApplication - The following profiles are active: dev
2019-10-11 14:46:43.860 [main] INFO  o.s.boot.web.embedded.tomcat.TomcatWebServer - Tomcat initialized with port(s): 8080 (http)
2019-10-11 14:46:43.869 [main] INFO  org.apache.coyote.http11.Http11NioProtocol - Initializing ProtocolHandler ["http-nio-8080"]
2019-10-11 14:46:43.876 [main] INFO  org.apache.catalina.core.StandardService - Starting service [Tomcat]
2019-10-11 14:46:43.876 [main] INFO  org.apache.catalina.core.StandardEngine - Starting Servlet engine: [Apache Tomcat/9.0.26]
2019-10-11 14:46:43.881 [main] INFO  org.apache.catalina.core.AprLifecycleListener - Loaded APR based Apache Tomcat Native library [1.2.23] using APR version [1.7.0].
2019-10-11 14:46:43.881 [main] INFO  org.apache.catalina.core.AprLifecycleListener - APR capabilities: IPv6 [true], sendfile [true], accept filters [false], random [true].
2019-10-11 14:46:43.881 [main] INFO  org.apache.catalina.core.AprLifecycleListener - APR/OpenSSL configuration: useAprConnector [false], useOpenSSL [true]
2019-10-11 14:46:43.884 [main] INFO  org.apache.catalina.core.AprLifecycleListener - OpenSSL successfully initialized [OpenSSL 1.1.1c  28 May 2019]
2019-10-11 14:46:43.952 [main] INFO  o.a.c.core.ContainerBase.[Tomcat].[localhost].[/] - Initializing Spring embedded WebApplicationContext
2019-10-11 14:46:43.952 [main] INFO  org.springframework.web.context.ContextLoader - Root WebApplicationContext: initialization completed in 935 ms
2019-10-11 14:46:44.207 [main] INFO  org.apache.catalina.core.StandardService - Stopping service [Tomcat]
2019-10-11 14:47:10.779 [main] INFO  com.example.demo.DemoApplication - Starting DemoApplication on DESKTOP-VGJR4R4 with PID 6860 (D:\IdeaProjects\demo1011\target\classes started by ZHY in D:\IdeaProjects\demo1011)
2019-10-11 14:47:10.779 [main] INFO  com.example.demo.DemoApplication - The following profiles are active: dev
2019-10-11 14:47:11.568 [main] INFO  o.s.boot.web.embedded.tomcat.TomcatWebServer - Tomcat initialized with port(s): 8080 (http)
2019-10-11 14:47:11.583 [main] INFO  org.apache.coyote.http11.Http11NioProtocol - Initializing ProtocolHandler ["http-nio-8080"]
2019-10-11 14:47:11.590 [main] INFO  org.apache.catalina.core.StandardService - Starting service [Tomcat]
2019-10-11 14:47:11.591 [main] INFO  org.apache.catalina.core.StandardEngine - Starting Servlet engine: [Apache Tomcat/9.0.26]
2019-10-11 14:47:11.595 [main] INFO  org.apache.catalina.core.AprLifecycleListener - Loaded APR based Apache Tomcat Native library [1.2.23] using APR version [1.7.0].
2019-10-11 14:47:11.595 [main] INFO  org.apache.catalina.core.AprLifecycleListener - APR capabilities: IPv6 [true], sendfile [true], accept filters [false], random [true].
2019-10-11 14:47:11.596 [main] INFO  org.apache.catalina.core.AprLifecycleListener - APR/OpenSSL configuration: useAprConnector [false], useOpenSSL [true]
2019-10-11 14:47:11.599 [main] INFO  org.apache.catalina.core.AprLifecycleListener - OpenSSL successfully initialized [OpenSSL 1.1.1c  28 May 2019]
2019-10-11 14:47:11.668 [main] INFO  o.a.c.core.ContainerBase.[Tomcat].[localhost].[/] - Initializing Spring embedded WebApplicationContext
2019-10-11 14:47:11.668 [main] INFO  org.springframework.web.context.ContextLoader - Root WebApplicationContext: initialization completed in 859 ms
2019-10-11 14:47:11.852 [main] INFO  org.apache.catalina.core.StandardService - Stopping service [Tomcat]
2019-10-11 14:47:59.182 [main] INFO  com.example.demo.DemoApplication - Starting DemoApplication on DESKTOP-VGJR4R4 with PID 2120 (D:\IdeaProjects\demo1011\target\classes started by ZHY in D:\IdeaProjects\demo1011)
2019-10-11 14:47:59.183 [main] INFO  com.example.demo.DemoApplication - The following profiles are active: dev
2019-10-11 14:48:00.014 [main] INFO  o.s.boot.web.embedded.tomcat.TomcatWebServer - Tomcat initialized with port(s): 8080 (http)
2019-10-11 14:48:00.024 [main] INFO  org.apache.coyote.http11.Http11NioProtocol - Initializing ProtocolHandler ["http-nio-8080"]
2019-10-11 14:48:00.030 [main] INFO  org.apache.catalina.core.StandardService - Starting service [Tomcat]
2019-10-11 14:48:00.031 [main] INFO  org.apache.catalina.core.StandardEngine - Starting Servlet engine: [Apache Tomcat/9.0.26]
2019-10-11 14:48:00.035 [main] INFO  org.apache.catalina.core.AprLifecycleListener - Loaded APR based Apache Tomcat Native library [1.2.23] using APR version [1.7.0].
2019-10-11 14:48:00.036 [main] INFO  org.apache.catalina.core.AprLifecycleListener - APR capabilities: IPv6 [true], sendfile [true], accept filters [false], random [true].
2019-10-11 14:48:00.036 [main] INFO  org.apache.catalina.core.AprLifecycleListener - APR/OpenSSL configuration: useAprConnector [false], useOpenSSL [true]
2019-10-11 14:48:00.039 [main] INFO  org.apache.catalina.core.AprLifecycleListener - OpenSSL successfully initialized [OpenSSL 1.1.1c  28 May 2019]
2019-10-11 14:48:00.106 [main] INFO  o.a.c.core.ContainerBase.[Tomcat].[localhost].[/] - Initializing Spring embedded WebApplicationContext
2019-10-11 14:48:00.106 [main] INFO  org.springframework.web.context.ContextLoader - Root WebApplicationContext: initialization completed in 895 ms
2019-10-11 14:48:00.490 [main] INFO  o.s.scheduling.concurrent.ThreadPoolTaskExecutor - Initializing ExecutorService 'applicationTaskExecutor'
2019-10-11 14:48:00.672 [main] INFO  org.apache.coyote.http11.Http11NioProtocol - Starting ProtocolHandler ["http-nio-8080"]
2019-10-11 14:48:00.687 [main] INFO  o.s.boot.web.embedded.tomcat.TomcatWebServer - Tomcat started on port(s): 8080 (http) with context path ''
2019-10-11 14:48:00.689 [main] INFO  com.example.demo.DemoApplication - Started DemoApplication in 2.029 seconds (JVM running for 2.703)
2019-10-11 15:43:20.756 [main] INFO  com.example.demo.DemoApplication - Starting DemoApplication on DESKTOP-VGJR4R4 with PID 16860 (D:\IdeaProjects\demo1011\target\classes started by ZHY in D:\IdeaProjects\demo1011)
2019-10-11 15:43:20.757 [main] INFO  com.example.demo.DemoApplication - The following profiles are active: dev
2019-10-11 15:43:21.373 [main] INFO  o.s.c.s.PostProcessorRegistrationDelegate$BeanPostProcessorChecker - Bean 'shiroConfig' of type [com.example.demo.shiro.ShiroConfig$$EnhancerBySpringCGLIB$$225014cc] is not eligible for getting processed by all BeanPostProcessors (for example: not eligible for auto-proxying)
2019-10-11 15:43:21.380 [main] INFO  o.s.c.s.PostProcessorRegistrationDelegate$BeanPostProcessorChecker - Bean 'org.springframework.transaction.annotation.ProxyTransactionManagementConfiguration' of type [org.springframework.transaction.annotation.ProxyTransactionManagementConfiguration$$EnhancerBySpringCGLIB$$d6cff22b] is not eligible for getting processed by all BeanPostProcessors (for example: not eligible for auto-proxying)
2019-10-11 15:43:21.539 [main] INFO  o.s.c.s.PostProcessorRegistrationDelegate$BeanPostProcessorChecker - Bean 'shiroConfig' of type [com.example.demo.shiro.ShiroConfig$$EnhancerBySpringCGLIB$$225014cc] is not eligible for getting processed by all BeanPostProcessors (for example: not eligible for auto-proxying)
2019-10-11 15:44:05.803 [main] INFO  com.example.demo.DemoApplication - Starting DemoApplication on DESKTOP-VGJR4R4 with PID 8496 (D:\IdeaProjects\demo1011\target\classes started by ZHY in D:\IdeaProjects\demo1011)
2019-10-11 15:44:05.838 [main] INFO  com.example.demo.DemoApplication - The following profiles are active: dev
2019-10-11 15:44:06.433 [main] INFO  o.s.c.s.PostProcessorRegistrationDelegate$BeanPostProcessorChecker - Bean 'shiroConfig' of type [com.example.demo.shiro.ShiroConfig$$EnhancerBySpringCGLIB$$1aed83b7] is not eligible for getting processed by all BeanPostProcessors (for example: not eligible for auto-proxying)
2019-10-11 15:44:06.440 [main] INFO  o.s.c.s.PostProcessorRegistrationDelegate$BeanPostProcessorChecker - Bean 'org.springframework.transaction.annotation.ProxyTransactionManagementConfiguration' of type [org.springframework.transaction.annotation.ProxyTransactionManagementConfiguration$$EnhancerBySpringCGLIB$$cf6d6116] is not eligible for getting processed by all BeanPostProcessors (for example: not eligible for auto-proxying)
2019-10-11 15:44:06.559 [main] INFO  o.s.c.s.PostProcessorRegistrationDelegate$BeanPostProcessorChecker - Bean 'shiroConfig' of type [com.example.demo.shiro.ShiroConfig$$EnhancerBySpringCGLIB$$1aed83b7] is not eligible for getting processed by all BeanPostProcessors (for example: not eligible for auto-proxying)
2019-10-11 16:04:47.642 [main] INFO  com.example.demo.DemoApplication - Starting DemoApplication on DESKTOP-VGJR4R4 with PID 13204 (D:\IdeaProjects\demo1011\target\classes started by ZHY in D:\IdeaProjects\demo1011)
2019-10-11 16:04:47.643 [main] INFO  com.example.demo.DemoApplication - The following profiles are active: dev
2019-10-11 16:04:48.294 [main] INFO  o.s.c.s.PostProcessorRegistrationDelegate$BeanPostProcessorChecker - Bean 'shiroConfig' of type [com.example.demo.shiro.ShiroConfig$$EnhancerBySpringCGLIB$$a4283683] is not eligible for getting processed by all BeanPostProcessors (for example: not eligible for auto-proxying)
2019-10-11 16:04:48.301 [main] INFO  o.s.c.s.PostProcessorRegistrationDelegate$BeanPostProcessorChecker - Bean 'org.springframework.transaction.annotation.ProxyTransactionManagementConfiguration' of type [org.springframework.transaction.annotation.ProxyTransactionManagementConfiguration$$EnhancerBySpringCGLIB$$58a813e2] is not eligible for getting processed by all BeanPostProcessors (for example: not eligible for auto-proxying)
2019-10-11 16:04:48.414 [main] INFO  o.s.c.s.PostProcessorRegistrationDelegate$BeanPostProcessorChecker - Bean 'shiroConfig' of type [com.example.demo.shiro.ShiroConfig$$EnhancerBySpringCGLIB$$a4283683] is not eligible for getting processed by all BeanPostProcessors (for example: not eligible for auto-proxying)
2019-10-11 16:55:40.746 [main] INFO  com.example.demo.DemoApplication - Starting DemoApplication on DESKTOP-VGJR4R4 with PID 15536 (D:\IdeaProjects\demo1011\target\classes started by ZHY in D:\IdeaProjects\demo1011)
2019-10-11 16:55:40.746 [main] INFO  com.example.demo.DemoApplication - The following profiles are active: dev
2019-10-11 16:55:41.469 [main] INFO  o.s.c.s.PostProcessorRegistrationDelegate$BeanPostProcessorChecker - Bean 'shiroConfig' of type [com.example.demo.shiro.ShiroConfig$$EnhancerBySpringCGLIB$$9bbdfdaf] is not eligible for getting processed by all BeanPostProcessors (for example: not eligible for auto-proxying)
2019-10-11 16:55:41.476 [main] INFO  o.s.c.s.PostProcessorRegistrationDelegate$BeanPostProcessorChecker - Bean 'org.springframework.transaction.annotation.ProxyTransactionManagementConfiguration' of type [org.springframework.transaction.annotation.ProxyTransactionManagementConfiguration$$EnhancerBySpringCGLIB$$503ddb0e] is not eligible for getting processed by all BeanPostProcessors (for example: not eligible for auto-proxying)
2019-10-11 16:55:41.558 [main] INFO  o.s.c.s.PostProcessorRegistrationDelegate$BeanPostProcessorChecker - Bean 'mybatis-org.mybatis.spring.boot.autoconfigure.MybatisProperties' of type [org.mybatis.spring.boot.autoconfigure.MybatisProperties] is not eligible for getting processed by all BeanPostProcessors (for example: not eligible for auto-proxying)
2019-10-11 16:55:41.564 [main] INFO  o.s.c.s.PostProcessorRegistrationDelegate$BeanPostProcessorChecker - Bean 'org.mybatis.spring.boot.autoconfigure.MybatisAutoConfiguration' of type [org.mybatis.spring.boot.autoconfigure.MybatisAutoConfiguration$$EnhancerBySpringCGLIB$$83122c3e] is not eligible for getting processed by all BeanPostProcessors (for example: not eligible for auto-proxying)
2019-10-11 16:55:41.566 [main] INFO  o.s.c.s.PostProcessorRegistrationDelegate$BeanPostProcessorChecker - Bean 'org.springframework.boot.autoconfigure.jdbc.DataSourceConfiguration$Hikari' of type [org.springframework.boot.autoconfigure.jdbc.DataSourceConfiguration$Hikari$$EnhancerBySpringCGLIB$$90bd44fb] is not eligible for getting processed by all BeanPostProcessors (for example: not eligible for auto-proxying)
2019-10-11 16:55:41.571 [main] INFO  o.s.c.s.PostProcessorRegistrationDelegate$BeanPostProcessorChecker - Bean 'spring.datasource-org.springframework.boot.autoconfigure.jdbc.DataSourceProperties' of type [org.springframework.boot.autoconfigure.jdbc.DataSourceProperties] is not eligible for getting processed by all BeanPostProcessors (for example: not eligible for auto-proxying)
2019-10-11 16:55:41.587 [main] INFO  o.s.c.s.PostProcessorRegistrationDelegate$BeanPostProcessorChecker - Bean 'dataSource' of type [com.zaxxer.hikari.HikariDataSource] is not eligible for getting processed by all BeanPostProcessors (for example: not eligible for auto-proxying)
2019-10-11 16:55:41.594 [main] INFO  o.s.c.s.PostProcessorRegistrationDelegate$BeanPostProcessorChecker - Bean 'org.springframework.boot.autoconfigure.jdbc.DataSourceInitializerInvoker' of type [org.springframework.boot.autoconfigure.jdbc.DataSourceInitializerInvoker] is not eligible for getting processed by all BeanPostProcessors (for example: not eligible for auto-proxying)
2019-10-11 16:55:41.683 [main] INFO  o.s.c.s.PostProcessorRegistrationDelegate$BeanPostProcessorChecker - Bean 'sqlSessionFactory' of type [org.apache.ibatis.session.defaults.DefaultSqlSessionFactory] is not eligible for getting processed by all BeanPostProcessors (for example: not eligible for auto-proxying)
2019-10-11 16:55:41.686 [main] INFO  o.s.c.s.PostProcessorRegistrationDelegate$BeanPostProcessorChecker - Bean 'sqlSessionTemplate' of type [org.mybatis.spring.SqlSessionTemplate] is not eligible for getting processed by all BeanPostProcessors (for example: not eligible for auto-proxying)
2019-10-11 16:55:41.737 [main] INFO  o.s.c.s.PostProcessorRegistrationDelegate$BeanPostProcessorChecker - Bean 'sysUserMapper' of type [tk.mybatis.spring.mapper.MapperFactoryBean] is not eligible for getting processed by all BeanPostProcessors (for example: not eligible for auto-proxying)
2019-10-11 16:55:41.739 [main] INFO  o.s.c.s.PostProcessorRegistrationDelegate$BeanPostProcessorChecker - Bean 'sysUserMapper' of type [com.sun.proxy.$Proxy62] is not eligible for getting processed by all BeanPostProcessors (for example: not eligible for auto-proxying)
2019-10-11 16:55:41.742 [main] INFO  o.s.c.s.PostProcessorRegistrationDelegate$BeanPostProcessorChecker - Bean 'sysUserServiceimpl' of type [com.example.demo.UserService.impl.SysUserServiceimpl] is not eligible for getting processed by all BeanPostProcessors (for example: not eligible for auto-proxying)
2019-10-11 16:55:41.742 [main] INFO  o.s.c.s.PostProcessorRegistrationDelegate$BeanPostProcessorChecker - Bean 'userRealm' of type [com.example.demo.shiro.UserRealm] is not eligible for getting processed by all BeanPostProcessors (for example: not eligible for auto-proxying)
2019-10-11 16:55:42.088 [main] INFO  o.s.c.s.PostProcessorRegistrationDelegate$BeanPostProcessorChecker - Bean 'defaultWebSecurityManager' of type [org.apache.shiro.web.mgt.DefaultWebSecurityManager] is not eligible for getting processed by all BeanPostProcessors (for example: not eligible for auto-proxying)
2019-10-11 16:55:42.228 [main] INFO  o.s.boot.web.embedded.tomcat.TomcatWebServer - Tomcat initialized with port(s): 8080 (http)
2019-10-11 16:55:42.237 [main] INFO  org.apache.coyote.http11.Http11NioProtocol - Initializing ProtocolHandler ["http-nio-8080"]
2019-10-11 16:55:42.291 [main] INFO  org.apache.catalina.core.StandardService - Starting service [Tomcat]
2019-10-11 16:55:42.292 [main] INFO  org.apache.catalina.core.StandardEngine - Starting Servlet engine: [Apache Tomcat/9.0.26]
2019-10-11 16:55:42.297 [main] INFO  org.apache.catalina.core.AprLifecycleListener - Loaded APR based Apache Tomcat Native library [1.2.23] using APR version [1.7.0].
2019-10-11 16:55:42.297 [main] INFO  org.apache.catalina.core.AprLifecycleListener - APR capabilities: IPv6 [true], sendfile [true], accept filters [false], random [true].
2019-10-11 16:55:42.297 [main] INFO  org.apache.catalina.core.AprLifecycleListener - APR/OpenSSL configuration: useAprConnector [false], useOpenSSL [true]
2019-10-11 16:55:42.299 [main] INFO  org.apache.catalina.core.AprLifecycleListener - OpenSSL successfully initialized [OpenSSL 1.1.1c  28 May 2019]
2019-10-11 16:55:42.369 [main] INFO  o.a.c.core.ContainerBase.[Tomcat].[localhost].[/] - Initializing Spring embedded WebApplicationContext
2019-10-11 16:55:42.370 [main] INFO  org.springframework.web.context.ContextLoader - Root WebApplicationContext: initialization completed in 1557 ms
2019-10-11 16:55:42.666 [main] INFO  o.s.scheduling.concurrent.ThreadPoolTaskExecutor - Initializing ExecutorService 'applicationTaskExecutor'
2019-10-11 16:55:42.856 [main] INFO  org.apache.coyote.http11.Http11NioProtocol - Starting ProtocolHandler ["http-nio-8080"]
2019-10-11 16:55:42.873 [main] INFO  o.s.boot.web.embedded.tomcat.TomcatWebServer - Tomcat started on port(s): 8080 (http) with context path ''
2019-10-11 16:55:42.876 [main] INFO  com.example.demo.DemoApplication - Started DemoApplication in 2.545 seconds (JVM running for 3.213)
